2025-05-25 01:14:35,223 - INFO - Creating EC2 key pair...
2025-05-25 01:14:35,657 - WARNING - Key pair already exists.
2025-05-25 01:14:35,664 - INFO - Launching EC2 instance...
2025-05-25 01:14:36,950 - INFO - Instance launched: i-0704bb398c048627c
2025-05-25 01:14:36,964 - INFO - Getting public IP for instance i-0704bb398c048627c...
2025-05-25 01:14:37,521 - INFO - Public IP: 16.171.135.125
2025-05-25 01:14:37,535 - INFO - Terminating instance i-0704bb398c048627c...
2025-05-25 01:14:38,251 - INFO - Instance terminated.
2025-05-25 01:14:38,282 - INFO - Creating S3 bucket 'lab4-pti-demo-bucket'...
2025-05-25 01:14:39,609 - INFO - Bucket created.
2025-05-25 01:14:39,619 - INFO - Listing buckets...
2025-05-25 01:14:40,120 - INFO -  - lab2-inmyuni
2025-05-25 01:14:40,120 - INFO -  - lab4-pti-demo-bucket
2025-05-25 01:14:40,127 - INFO - Uploading data.csv to bucket lab4-pti-demo-bucket as data.csv...
2025-05-25 01:14:40,633 - INFO - Upload successful.
2025-05-25 01:14:40,644 - INFO - Reading data.csv from bucket lab4-pti-demo-bucket...
2025-05-25 01:14:41,051 - INFO - Data preview:
                                    date      USD      EUR
                            0  2022-01-01  27.2782  30.9226
                            1  2022-01-02  27.2782  30.9226
                            2  2022-01-03  27.2782  30.9226
                            3  2022-01-04  27.2782  30.9226
                            4  2022-01-05  27.2976  30.7739
2025-05-25 01:14:41,068 - INFO - Deleting bucket lab4-pti-demo-bucket...
2025-05-25 01:14:41,556 - INFO - Bucket not empty, deleting 1 object(s)...
2025-05-25 01:14:41,759 - INFO - All objects deleted.
2025-05-25 01:14:42,680 - INFO - Bucket deleted.
